This file contains any messages produced by compilers while
running configure, to aid debugging if configure makes a mistake.

It was created by configure, which was
generated by GNU Autoconf 2.69.  Invocation command line was

  $ ./configure 

## --------- ##
## Platform. ##
## --------- ##

hostname = wireless-10-104-131-162.umd.edu
uname -m = x86_64
uname -r = 18.6.0
uname -s = Darwin
uname -v = Darwin Kernel Version 18.6.0: Thu Apr 25 23:16:27 PDT 2019; root:xnu-4903.261.4~2/RELEASE_X86_64

/usr/bin/uname -p = i386
/bin/uname -X     = unknown

/bin/arch              = unknown
/usr/bin/arch -k       = unknown
/usr/convex/getsysinfo = unknown
/usr/bin/hostinfo      = Mach kernel version:
	 Darwin Kernel Version 18.6.0: Thu Apr 25 23:16:27 PDT 2019; root:xnu-4903.261.4~2/RELEASE_X86_64
Kernel configured for up to 4 processors.
2 processors are physically available.
4 processors are logically available.
Processor type: x86_64h (Intel x86-64h Haswell)
Processors active: 0 1 2 3
Primary memory available: 8.00 gigabytes
Default processor set: 355 tasks, 1561 threads, 4 processors
Load average: 1.71, Mach factor: 2.61
/bin/machine           = unknown
/usr/bin/oslevel       = unknown
/bin/universe          = unknown

PATH: /Library/Frameworks/Python.framework/Versions/3.6/bin
PATH: /usr/local/bin
PATH: /usr/bin
PATH: /bin
PATH: /usr/sbin
PATH: /sbin
PATH: /opt/X11/bin
PATH: /Users/pedrosandoval/bin


## ----------- ##
## Core tests. ##
## ----------- ##

configure:1960: checking for a BSD-compatible install
configure:2028: result: /usr/bin/install -c
configure:2039: checking whether build environment is sane
configure:2094: result: yes
configure:2132: WARNING: 'missing' script is too old or missing
configure:2245: checking for a thread-safe mkdir -p
configure:2284: result: ./install-sh -c -d
configure:2291: checking for gawk
configure:2321: result: no
configure:2291: checking for mawk
configure:2321: result: no
configure:2291: checking for nawk
configure:2321: result: no
configure:2291: checking for awk
configure:2307: found /usr/bin/awk
configure:2318: result: awk
configure:2329: checking whether make sets $(MAKE)
configure:2351: result: yes
configure:2380: checking whether make supports nested variables
configure:2397: result: yes
configure:2525: checking whether to enable maintainer-specific portions of Makefiles
configure:2534: result: no
configure:2605: checking for g++
configure:2621: found /usr/bin/g++
configure:2632: result: g++
configure:2659: checking for C++ compiler version
configure:2668: g++ --version >&5
Apple LLVM version 10.0.1 (clang-1001.0.46.4)
Target: x86_64-apple-darwin18.6.0
Thread model: posix
InstalledDir: /Library/Developer/CommandLineTools/usr/bin
Configured with: --prefix=/Library/Developer/CommandLineTools/usr --with-gxx-include-dir=/Library/Developer/CommandLineTools/SDKs/MacOSX10.14.sdk/usr/include/c++/4.2.1
configure:2679: $? = 0
configure:2668: g++ -v >&5
Configured with: --prefix=/Library/Developer/CommandLineTools/usr --with-gxx-include-dir=/Library/Developer/CommandLineTools/SDKs/MacOSX10.14.sdk/usr/include/c++/4.2.1
Apple LLVM version 10.0.1 (clang-1001.0.46.4)
Target: x86_64-apple-darwin18.6.0
Thread model: posix
InstalledDir: /Library/Developer/CommandLineTools/usr/bin
configure:2679: $? = 0
configure:2668: g++ -V >&5
clang: error: unsupported option '-V -Wno-atomic-implicit-seq-cst'
clang: error: no input files
configure:2679: $? = 1
configure:2668: g++ -qversion >&5
clang: error: unknown argument '-qversion', did you mean '--version'?
clang: error: no input files
configure:2679: $? = 1
configure:2699: checking whether the C++ compiler works
configure:2721: g++    conftest.cpp  >&5
configure:2725: $? = 0
configure:2773: result: yes
configure:2776: checking for C++ compiler default output file name
configure:2778: result: a.out
configure:2784: checking for suffix of executables
configure:2791: g++ -o conftest    conftest.cpp  >&5
configure:2795: $? = 0
configure:2817: result: 
configure:2839: checking whether we are cross compiling
configure:2847: g++ -o conftest    conftest.cpp  >&5
configure:2851: $? = 0
configure:2858: ./conftest
configure:2862: $? = 0
configure:2877: result: no
configure:2882: checking for suffix of object files
configure:2904: g++ -c   conftest.cpp >&5
configure:2908: $? = 0
configure:2929: result: o
configure:2933: checking whether we are using the GNU C++ compiler
configure:2952: g++ -c   conftest.cpp >&5
configure:2952: $? = 0
configure:2961: result: yes
configure:2970: checking whether g++ accepts -g
configure:2990: g++ -c -g  conftest.cpp >&5
configure:2990: $? = 0
configure:3031: result: yes
configure:3057: checking whether make supports the include directive
configure:3072: make -f confmf.GNU && cat confinc.out
this is the am__doit target
configure:3075: $? = 0
configure:3094: result: yes (GNU style)
configure:3119: checking dependency style of g++
configure:3230: result: gcc3
configure:3288: checking for ranlib
configure:3304: found /usr/bin/ranlib
configure:3315: result: ranlib
configure:3386: checking for boostlib >= 1.33.1
configure:3440: g++ -c -g -O2  -I/usr/local/include conftest.cpp >&5
configure:3440: $? = 0
configure:3442: result: yes
configure:3624: checking for gcc
configure:3640: found /usr/bin/gcc
configure:3651: result: gcc
configure:3880: checking for C compiler version
configure:3889: gcc --version >&5
Apple LLVM version 10.0.1 (clang-1001.0.46.4)
Target: x86_64-apple-darwin18.6.0
Thread model: posix
InstalledDir: /Library/Developer/CommandLineTools/usr/bin
Configured with: --prefix=/Library/Developer/CommandLineTools/usr --with-gxx-include-dir=/Library/Developer/CommandLineTools/SDKs/MacOSX10.14.sdk/usr/include/c++/4.2.1
configure:3900: $? = 0
configure:3889: gcc -v >&5
Configured with: --prefix=/Library/Developer/CommandLineTools/usr --with-gxx-include-dir=/Library/Developer/CommandLineTools/SDKs/MacOSX10.14.sdk/usr/include/c++/4.2.1
Apple LLVM version 10.0.1 (clang-1001.0.46.4)
Target: x86_64-apple-darwin18.6.0
Thread model: posix
InstalledDir: /Library/Developer/CommandLineTools/usr/bin
configure:3900: $? = 0
configure:3889: gcc -V >&5
clang: error: unsupported option '-V -Wno-atomic-implicit-seq-cst'
clang: error: no input files
configure:3900: $? = 1
configure:3889: gcc -qversion >&5
clang: error: unknown argument '-qversion', did you mean '--version'?
clang: error: no input files
configure:3900: $? = 1
configure:3904: checking whether we are using the GNU C compiler
configure:3923: gcc -c   conftest.c >&5
configure:3923: $? = 0
configure:3932: result: yes
configure:3941: checking whether gcc accepts -g
configure:3961: gcc -c -g  conftest.c >&5
configure:3961: $? = 0
configure:4002: result: yes
configure:4019: checking for gcc option to accept ISO C89
configure:4082: gcc  -c -g -O2  conftest.c >&5
configure:4082: $? = 0
configure:4095: result: none needed
configure:4120: checking whether gcc understands -c and -o together
configure:4142: gcc -c conftest.c -o conftest2.o
configure:4145: $? = 0
configure:4142: gcc -c conftest.c -o conftest2.o
configure:4145: $? = 0
configure:4157: result: yes
configure:4176: checking dependency style of gcc
configure:4287: result: gcc3
configure:4333: checking whether the Boost::Program_Options library is available
configure:4357: g++ -c -g -O2  -I/usr/local/include conftest.cpp >&5
configure:4357: $? = 0
configure:4371: result: yes
configure:4382: checking for exit in -lboost_program_options
configure:4407: gcc -o conftest -g -O2  -I/usr/local/include  -L/usr/local/lib conftest.c -lboost_program_options   >&5
conftest.c:20:6: warning: incompatible redeclaration of library function 'exit' [-Wincompatible-library-redeclaration]
char exit ();
     ^
conftest.c:20:6: note: 'exit' is a builtin with type 'void (int) __attribute__((noreturn))'
1 warning generated.
configure:4407: $? = 0
configure:4417: result: yes
configure:4554: checking CXXFLAGS for maximum warnings
configure:4581: g++ -c -O3 -g -DNDEBUG -pedantic  -Wall  conftest.cpp >&5
configure:4581: $? = 0
configure:4595: result: -Wall
configure:4608: : CXXFLAGS="$CXXFLAGS $ac_cv_cxxflags_warn_all"
configure:4611: $? = 0
configure:4618: checking CXXFLAGS for gcc -Wextra
configure:4645: g++ -c -O3 -g -DNDEBUG -Wall -pedantic -Werror  -Wextra  conftest.cpp >&5
configure:4645: $? = 0
configure:4659: result: -Wextra
configure:4671: : CXXFLAGS="$CXXFLAGS $ac_cv_cxxflags_gcc_option__Wextra"
configure:4674: $? = 0
configure:4827: checking that generated files are newer than configure
configure:4833: result: done
configure:4864: creating ./config.status

## ---------------------- ##
## Running config.status. ##
## ---------------------- ##

This file was extended by config.status, which was
generated by GNU Autoconf 2.69.  Invocation command line was

  CONFIG_FILES    = 
  CONFIG_HEADERS  = 
  CONFIG_LINKS    = 
  CONFIG_COMMANDS = 
  $ ./config.status 

on wireless-10-104-131-162.umd.edu

config.status:786: creating Makefile
config.status:786: creating src/Makefile
config.status:958: executing depfiles commands
config.status:1035: cd src       && sed -e '/# am--include-marker/d' Makefile         | make -f - am--depfiles
config.status:1040: $? = 0

## ---------------- ##
## Cache variables. ##
## ---------------- ##

ac_cv_c_compiler_gnu=yes
ac_cv_cxx_compiler_gnu=yes
ac_cv_cxxflags_gcc_option__Wextra=-Wextra
ac_cv_cxxflags_warn_all=-Wall
ac_cv_env_CCC_set=
ac_cv_env_CCC_value=
ac_cv_env_CC_set=
ac_cv_env_CC_value=
ac_cv_env_CFLAGS_set=
ac_cv_env_CFLAGS_value=
ac_cv_env_CPPFLAGS_set=
ac_cv_env_CPPFLAGS_value=
ac_cv_env_CXXFLAGS_set=
ac_cv_env_CXXFLAGS_value=
ac_cv_env_CXX_set=
ac_cv_env_CXX_value=
ac_cv_env_LDFLAGS_set=
ac_cv_env_LDFLAGS_value=
ac_cv_env_LIBS_set=
ac_cv_env_LIBS_value=
ac_cv_env_build_alias_set=
ac_cv_env_build_alias_value=
ac_cv_env_host_alias_set=
ac_cv_env_host_alias_value=
ac_cv_env_target_alias_set=
ac_cv_env_target_alias_value=
ac_cv_lib_boost_program_options___exit=yes
ac_cv_objext=o
ac_cv_path_install='/usr/bin/install -c'
ac_cv_prog_AWK=awk
ac_cv_prog_ac_ct_CC=gcc
ac_cv_prog_ac_ct_CXX=g++
ac_cv_prog_ac_ct_RANLIB=ranlib
ac_cv_prog_cc_c89=
ac_cv_prog_cc_g=yes
ac_cv_prog_cxx_g=yes
ac_cv_prog_make_make_set=yes
am_cv_CC_dependencies_compiler_type=gcc3
am_cv_CXX_dependencies_compiler_type=gcc3
am_cv_make_support_nested_variables=yes
am_cv_prog_cc_c_o=yes
ax_cv_boost_program_options=yes

## ----------------- ##
## Output variables. ##
## ----------------- ##

ACLOCAL='aclocal-1.16'
AMDEPBACKSLASH='\'
AMDEP_FALSE='#'
AMDEP_TRUE=''
AMTAR='$${TAR-tar}'
AM_BACKSLASH='\'
AM_DEFAULT_V='$(AM_DEFAULT_VERBOSITY)'
AM_DEFAULT_VERBOSITY='1'
AM_V='$(V)'
AUTOCONF='autoconf'
AUTOHEADER='autoheader'
AUTOMAKE='automake-1.16'
AWK='awk'
BOOST_CPPFLAGS='-I/usr/local/include'
BOOST_LDFLAGS='-L/usr/local/lib'
BOOST_PROGRAM_OPTIONS_LIB='-lboost_program_options'
CC='gcc'
CCDEPMODE='depmode=gcc3'
CFLAGS='-g -O2'
CPPFLAGS=''
CXX='g++'
CXXDEPMODE='depmode=gcc3'
CXXFLAGS='-O3 -g -DNDEBUG -Wall -Wextra'
CYGPATH_W='echo'
DEFS='-DPACKAGE_NAME=\"\" -DPACKAGE_TARNAME=\"\" -DPACKAGE_VERSION=\"\" -DPACKAGE_STRING=\"\" -DPACKAGE_BUGREPORT=\"\" -DPACKAGE_URL=\"\" -DPACKAGE=\"pomcp\" -DVERSION=\"1.0\" -DHAVE_BOOST=/\*\*/ -DHAVE_BOOST_PROGRAM_OPTIONS=/\*\*/'
DEPDIR='.deps'
ECHO_C='\c'
ECHO_N=''
ECHO_T=''
EXEEXT=''
INSTALL_DATA='${INSTALL} -m 644'
INSTALL_PROGRAM='${INSTALL}'
INSTALL_SCRIPT='${INSTALL}'
INSTALL_STRIP_PROGRAM='$(install_sh) -c -s'
LDFLAGS=''
LIBOBJS=''
LIBS=''
LTLIBOBJS=''
MAINT='#'
MAINTAINER_MODE_FALSE=''
MAINTAINER_MODE_TRUE='#'
MAKEINFO='makeinfo'
MKDIR_P='./install-sh -c -d'
OBJEXT='o'
PACKAGE='pomcp'
PACKAGE_BUGREPORT=''
PACKAGE_NAME=''
PACKAGE_STRING=''
PACKAGE_TARNAME=''
PACKAGE_URL=''
PACKAGE_VERSION=''
PATH_SEPARATOR=':'
RANLIB='ranlib'
SET_MAKE=''
SHELL='/bin/sh'
STRIP=''
VERSION='1.0'
ac_ct_CC='gcc'
ac_ct_CXX='g++'
am__EXEEXT_FALSE=''
am__EXEEXT_TRUE='#'
am__fastdepCC_FALSE='#'
am__fastdepCC_TRUE=''
am__fastdepCXX_FALSE='#'
am__fastdepCXX_TRUE=''
am__include='include'
am__isrc=''
am__leading_dot='.'
am__nodep='_no'
am__quote=''
am__tar='$${TAR-tar} chof - "$$tardir"'
am__untar='$${TAR-tar} xf -'
bindir='${exec_prefix}/bin'
build_alias=''
datadir='${datarootdir}'
datarootdir='${prefix}/share'
docdir='${datarootdir}/doc/${PACKAGE}'
dvidir='${docdir}'
exec_prefix='${prefix}'
host_alias=''
htmldir='${docdir}'
includedir='${prefix}/include'
infodir='${datarootdir}/info'
install_sh='${SHELL} /Users/pedrosandoval/Documents/MASResearch/pomcp-1.0/install-sh'
libdir='${exec_prefix}/lib'
libexecdir='${exec_prefix}/libexec'
localedir='${datarootdir}/locale'
localstatedir='${prefix}/var'
mandir='${datarootdir}/man'
mkdir_p='$(MKDIR_P)'
oldincludedir='/usr/include'
pdfdir='${docdir}'
prefix='/usr/local'
program_transform_name='s,x,x,'
psdir='${docdir}'
sbindir='${exec_prefix}/sbin'
sharedstatedir='${prefix}/com'
sysconfdir='${prefix}/etc'
target_alias=''

## ----------- ##
## confdefs.h. ##
## ----------- ##

/* confdefs.h */
#define PACKAGE_NAME ""
#define PACKAGE_TARNAME ""
#define PACKAGE_VERSION ""
#define PACKAGE_STRING ""
#define PACKAGE_BUGREPORT ""
#define PACKAGE_URL ""
#define PACKAGE "pomcp"
#define VERSION "1.0"
#define HAVE_BOOST /**/
#define HAVE_BOOST_PROGRAM_OPTIONS /**/

configure: exit 0
